[2024-01-31 10:47:32,488]  DEBUG - ard.WizardConfiguredProperties - Wizard has not been run yet. The file [/opt/hub/conf/internal/wizard-configured.properties] does not exist 
[2024-01-31 10:47:32,500]  DEBUG - ard.WizardConfiguredProperties - Wizard has not been run yet. The file [/opt/hub/conf/internal/wizard-configured.properties] does not exist 
[2024-01-31 10:47:32,525]  DEBUG - brains.bundle.ServiceDiscovery - Looking for services in /opt/hub/apps 
[2024-01-31 10:47:32,527]  DEBUG - brains.bundle.ServiceDiscovery - Found service descriptor /opt/hub/apps/hub 
[2024-01-31 10:47:32,726]  DEBUG - ard.WizardConfiguredProperties - Wizard has not been run yet. The file [/opt/hub/conf/internal/wizard-configured.properties] does not exist 
[2024-01-31 10:47:32,768]   INFO -                 bundle.startup - Configuring Service-Container[bundleProcess] 
[2024-01-31 10:47:32,784]   INFO -                 bundle.startup - Configuring Bundle Backend Service 
[2024-01-31 10:47:32,793]   INFO -                 bundle.startup - Configuring Configuration Wizard 
[2024-01-31 10:47:32,876]   INFO -                 bundle.startup - Starting Service-Container[bundleProcess] 
[2024-01-31 10:47:32,877]  DEBUG - .bundle.Services$StartingState - Set status [STARTING] for service [bundleProcess] 
[2024-01-31 10:47:32,885]  DEBUG - g.JavaUtilLoggingToSlf4jBridge - [class com.jetbrains.service.util.logging.SLF4JBridgePerContextClassLoaderHandler] has already bean installed 
[2024-01-31 10:47:32,924]   INFO -     org.eclipse.jetty.util.log - Logging initialized @7104ms to org.eclipse.jetty.util.log.Slf4jLog 
[2024-01-31 10:47:33,250]   INFO - rg.eclipse.jetty.server.Server - jetty-9.4.49.v20220914; built: 2022-09-14T01:07:36.601Z; git: 4231a3b2e4cb8548a412a789936d640a97b1aa0a; jvm 17.0.6+10-LTS 
[2024-01-31 10:47:33,443]   INFO - .server.handler.ContextHandler - Started o.e.j.s.ServletContextHandler@4d828044{/bundle/starting,null,AVAILABLE} 
[2024-01-31 10:47:33,450]   INFO - .server.handler.ContextHandler - Started c.j.b.p.j.@73799078{/,file:///opt/hub/internal/error_pages/,AVAILABLE} 
[2024-01-31 10:47:33,503]   INFO - jetty.server.AbstractConnector - Started ServerConnector@50e0d666{HTTP/1.1, (http/1.1)}{0.0.0.0:8080} 
[2024-01-31 10:47:33,505]   INFO - rg.eclipse.jetty.server.Server - Started @7687ms 
[2024-01-31 10:47:33,517]  DEBUG - .bundle.Services$StartingState - Set status [RUNNING] for service [bundleProcess] 
[2024-01-31 10:47:33,520]   INFO -                 bundle.startup - Starting Bundle Backend Service 
[2024-01-31 10:47:33,521]  DEBUG - .bundle.Services$StartingState - Set status [STARTING] for service [bundleBackend] 
[2024-01-31 10:47:35,366]   INFO - ations.AnnotationConfiguration - Scanning elapsed time=1327ms 
[2024-01-31 10:47:35,816]   INFO - .ContextHandler.bundle_backend - 1 Spring WebApplicationInitializers detected on classpath 
[2024-01-31 10:47:35,822]  DEBUG - onfig.BundleBackendInitializer - No ContextLoaderListener registered, as createRootApplicationContext() did not return an application context 
[2024-01-31 10:47:35,934]   INFO - g.eclipse.jetty.server.session - DefaultSessionIdManager workerName=node0 
[2024-01-31 10:47:35,942]   INFO - g.eclipse.jetty.server.session - No SessionScavenger set, using defaults 
[2024-01-31 10:47:35,949]   INFO - g.eclipse.jetty.server.session - node0 Scavenging every 600000ms 
[2024-01-31 10:47:36,043]   INFO - .ContextHandler.bundle_backend - Initializing Spring DispatcherServlet 'BundleBackendServletDispatcher' 
[2024-01-31 10:47:36,044]   INFO - .web.servlet.DispatcherServlet - Initializing Servlet 'BundleBackendServletDispatcher' 
[2024-01-31 10:47:38,864]  DEBUG - ervlet.HandlerMapping.Mappings - 
	c.j.b.b.r.StatusController:
	{GET [/bundleBackendStatus]}: getStatus() 
[2024-01-31 10:47:38,881]  DEBUG - ervlet.HandlerMapping.Mappings - 
	c.j.b.b.r.ProductStateController:
	{GET [/state], produces [application/json]}: getProductStateInfo(String,HttpServletRequest)
	{GET [/state/started], produces [application/json]}: getProductStarted() 
[2024-01-31 10:47:38,886]  DEBUG - ervlet.HandlerMapping.Mappings - 
	c.j.b.b.r.ClientCertificateAuthSettingsController:
	{POST [/certificateAuth], produces [application/json]}: updateCertificateAuthSettings(CertificateAuthSettingsJSON,String,String)
	{GET [/certificateAuth], produces [application/json]}: getCertificateAuthSettings(String,String) 
[2024-01-31 10:47:38,899]  DEBUG - ervlet.HandlerMapping.Mappings - 
	c.j.b.b.r.PropertiesController:
	{GET [/settings/{propertyName}], produces [application/json]}: getProperty(String,String,String)
	{POST [/settings], produces [application/json]}: updateProperty(UpdatePropertiesRequest,String,String)
	{POST [/settings/candidate], produces [application/json]}: validateProperty(PropertyJSON,String,String) 
[2024-01-31 10:47:38,965]  DEBUG - ervlet.HandlerMapping.Mappings - 'beanNameHandlerMapping' {} 
[2024-01-31 10:47:41,357]   INFO - .web.servlet.DispatcherServlet - Completed initialization in 5312 ms 
[2024-01-31 10:47:41,362]   INFO - .server.handler.ContextHandler - Started o.e.j.w.WebAppContext@7788d27c{/bundle/backend,file:///opt/hub/internal/bundle_common/,AVAILABLE} 
[2024-01-31 10:47:41,377]  DEBUG - .bundle.Services$StartingState - Set status [RUNNING] for service [bundleBackend] 
[2024-01-31 10:47:41,378]   INFO -                 bundle.startup - Starting Configuration Wizard 
[2024-01-31 10:47:41,383]   INFO -                 bundle.startup - JetBrains Hub 2023.3 Configuration Wizard will listen inside container on {0.0.0.0:8080}/ after start and can be accessed by URL [http://<put-your-docker-HOST-name-here>:<put-host-port-mapped-to-container-port-8080-here>//?wizard_token=7Tp1rCkHUwwn2DGIVDUD] 
[2024-01-31 10:47:41,384]  DEBUG - .bundle.Services$StartingState - Set status [STARTING] for service [configurationWizard] 
[2024-01-31 10:47:45,836]   INFO - ations.AnnotationConfiguration - Scanning elapsed time=4000ms 
[2024-01-31 10:47:46,041]   INFO - er.handler.ContextHandler.ROOT - 1 Spring WebApplicationInitializers detected on classpath 
[2024-01-31 10:47:46,045]  DEBUG - allerWebApplicationInitializer - No ContextLoaderListener registered, as createRootApplicationContext() did not return an application context 
[2024-01-31 10:47:46,106]   INFO - er.handler.ContextHandler.ROOT - Initializing Spring DispatcherServlet 'InstallerServletDispatcher' 
[2024-01-31 10:47:46,107]   INFO - .web.servlet.DispatcherServlet - Initializing Servlet 'InstallerServletDispatcher' 
[2024-01-31 10:47:49,565]  DEBUG - ervlet.HandlerMapping.Mappings - 
	c.j.i.r.BasicSettingsResource:
	{GET [/wizard/basic-settings], produces [application/json]}: get()
	{POST [/wizard/basic-settings], produces [application/json]}: post(BasicSettings)
	{GET [/wizard/basic-settings/check], produces [application/json]}: checkFolder(String,String) 
[2024-01-31 10:47:49,584]  DEBUG - ervlet.HandlerMapping.Mappings - 
	c.j.i.r.UpgradeSettingsResource:
	{GET [/wizard/upgrade-settings], produces [application/json]}: get()
	{POST [/wizard/upgrade-settings/candidate], produces [application/json]}: validate(UpgradeSettings)
	{POST [/wizard/upgrade-settings], produces [application/json]}: post(UpgradeSettings)
	{GET [/wizard/upgrade-settings/check], produces [application/json]}: checkFolder(String,String) 
[2024-01-31 10:47:49,592]  DEBUG - ervlet.HandlerMapping.Mappings - 
	c.j.i.r.WaitResource:
	{POST [/wizard/wait/dump], produces [application/json]}: dump(HttpServletRequest)
	{GET [/wizard/wait/ping], produces [application/json]}: ping()
	{GET [/wizard/wait/url], produces [application/json]}: getUrlToShowAfterCompletion(HttpServletRequest) 
[2024-01-31 10:47:49,596]  DEBUG - ervlet.HandlerMapping.Mappings - 
	c.j.i.r.HubSettingsResource:
	{GET [/wizard/hub-settings], produces [application/json]}: get()
	{POST [/wizard/hub-settings], produces [application/json]}: post(HubSettings) 
[2024-01-31 10:47:49,602]  DEBUG - ervlet.HandlerMapping.Mappings - 
	c.j.i.r.TestConnectionResource:
	{GET [/wizard/connections/status], produces [application/json]}: status(HttpHeaders)
	{GET [/wizard/connections/{id}], produces [application/json]}: getEndpoint(HttpServletRequest,String)
	{POST [/wizard/connections], produces [application/json]}: createEndpoint(TestConnection)
	{GET [/wizard/connections], produces [application/json]}: getAllEndpoints()
	{DELETE [/wizard/connections/{id}], produces [application/json]}: deleteEndpoint(HttpServletRequest,String) 
[2024-01-31 10:47:49,606]  DEBUG - ervlet.HandlerMapping.Mappings - 
	c.j.i.r.StepsResource:
	{GET [/wizard/steps], produces [application/json]}: get(HttpServletResponse) 
[2024-01-31 10:47:49,609]  DEBUG - ervlet.HandlerMapping.Mappings - 
	c.j.i.r.HubBundleServiceResource:
	{POST [/hub/bundle-service], produces [application/json]}: createBundleService(ExternalHubInfo,String,String,String)
	{GET [/hub/bundle-service], produces [application/json]}: getBundleService() 
[2024-01-31 10:47:49,611]  DEBUG - ervlet.HandlerMapping.Mappings - 
	c.j.i.r.StatusController:
	{GET [/wizard/status]}: getStatus() 
[2024-01-31 10:47:49,614]  DEBUG - ervlet.HandlerMapping.Mappings - 
	c.j.i.r.FilesResource:
	{GET [/browse/access/write], produces [application/json]}: checkFolder(String)
	{GET [/browse], produces [application/json]}: getFolder(String,Boolean) 
[2024-01-31 10:47:49,616]  DEBUG - ervlet.HandlerMapping.Mappings - 
	c.j.i.r.CertificateUrlResource:
	{POST [/wizard/cert], produces [application/json]}: getHostnameFromCertificate(SecureContent) 
[2024-01-31 10:47:49,621]  DEBUG - ervlet.HandlerMapping.Mappings - 
	c.j.i.r.CertificatesResource:
	{GET [/wizard/certificates], produces [application/json]}: getCertificates()
	{GET [/wizard/certificates/{fingerprint}], produces [application/json]}: getCertificate(HttpServletRequest,String)
	{POST [/wizard/certificates], produces [application/json]}: addCertificate(CertificateInfo)
	{DELETE [/wizard/certificates/{fingerprint}], produces [application/json]}: deleteCertificate(String) 
[2024-01-31 10:47:49,627]  DEBUG - ervlet.HandlerMapping.Mappings - 
	c.j.i.r.WizardInfoResource:
	{GET [/wizard/info], produces [application/json]}: get() 
[2024-01-31 10:47:49,635]  DEBUG - ervlet.HandlerMapping.Mappings - 
	c.j.i.r.DefaultSettingsResource:
	{GET [/wizard/license-key/upgrade/default], produces [application/json]}: getDefaultUpgradeLicenseKeyInfo()
	{GET [/wizard/basic-settings/default], produces [application/json]}: getDefaultBasicSettings()
	{GET [/wizard/hub-settings/default], produces [application/json]}: getDefaultHubSettings()
	{GET [/wizard/upgrade-source/default], produces [application/json]}: getDefaultUpgradeSource()
	{GET [/wizard/upgrade-settings/default], produces [application/json]}: getDefaultUpgradeSettings()
	{GET [/wizard/license-key/default], produces [application/json]}: getDefaultLicenseKeyInfo() 
[2024-01-31 10:47:49,639]  DEBUG - ervlet.HandlerMapping.Mappings - 
	c.j.i.r.LicensesAgreementsResource:
	{GET [/license-agreements], produces [application/json]}: get() 
[2024-01-31 10:47:49,645]  DEBUG - ervlet.HandlerMapping.Mappings - 
	c.j.i.r.AuthController:
	{GET [/checkAuth], produces [application/json]}: validate(String) 
[2024-01-31 10:47:49,651]  DEBUG - ervlet.HandlerMapping.Mappings - 
	c.j.i.r.UpgradeSourceResource:
	{GET [/wizard/upgrade-source], produces [application/json]}: get()
	{GET [/wizard/upgrade-source/check], produces [application/json]}: checkPath(String,String)
	{POST [/wizard/upgrade-source], produces [application/json]}: post(UpgradeSource)
	{POST [/wizard/upgrade-source/clean], produces [application/json]}: cleanOldUpgradeData()
	{GET [/wizard/upgrade-source/clean], produces [application/json]}: getOldUpgradeDataInfo() 
[2024-01-31 10:47:49,659]  DEBUG - ervlet.HandlerMapping.Mappings - 
	c.j.i.r.LicenseKeyResource:
	{GET [/wizard/license-key], produces [application/json]}: getKey()
	{POST [/wizard/license-key], produces [application/json]}: setKey(HttpServletRequest,LicenseKeyUpdateInfo) 
[2024-01-31 10:47:49,699]  DEBUG - ervlet.HandlerMapping.Mappings - 'beanNameHandlerMapping' {} 
[2024-01-31 10:47:52,453]   INFO - .web.servlet.DispatcherServlet - Completed initialization in 6345 ms 
[2024-01-31 10:47:52,460]   INFO - .server.handler.ContextHandler - Started o.e.j.w.WebAppContext@6935280e{/,file:///opt/hub/internal/wizard_web/,AVAILABLE} 
[2024-01-31 10:47:52,480]  DEBUG - .bundle.Services$StartingState - Set status [RUNNING] for service [configurationWizard] 
[2024-01-31 10:47:52,498]  DEBUG - rains.service.util.cmd.CmdUtil - Executing [uname, -a] in directory [/opt/hub] 
[2024-01-31 10:47:53,015]  DEBUG - rains.service.util.cmd.CmdUtil - Command [[uname, -a]] exited with code 0 and output: [Linux hub 5.10.104-linuxkit #1 SMP PREEMPT Thu Mar 17 17:05:54 UTC 2022 x86_64 GNU/Linux] 
[2024-01-31 10:47:53,018]  DEBUG - rains.service.util.cmd.CmdUtil - Executing [free] in directory [/opt/hub] 
[2024-01-31 10:47:53,070]  DEBUG - rains.service.util.cmd.CmdUtil - Executing [df] in directory [/opt/hub] 
[2024-01-31 10:47:53,526]  DEBUG - rains.service.util.cmd.CmdUtil - Command [[df]] exited with code 0 and output: [Filesystem     1K-blocks      Used Available Use% Mounted on
overlay        107077304  52986684  48621696  53% /
tmpfs              65536         0     65536   0% /dev
shm                65536         0     65536   0% /dev/shm
/dev/vda1      107077304  52986684  48621696  53% /etc/hosts
virtiofs0      971350180 329199644 642150536  34% /opt/hub/conf
tmpfs            8418692         0   8418692   0% /sys/firmware] 
[2024-01-31 10:47:53,529]  DEBUG - rains.service.util.cmd.CmdUtil - Executing [/bin/sh, -c, ulimit -a] in directory [/opt/hub] 
[2024-01-31 10:47:53,996]  DEBUG - rains.service.util.cmd.CmdUtil - Command [[/bin/sh, -c, ulimit -a]] exited with code 0 and output: [time(seconds)        unlimited
file(blocks)         unlimited
data(kbytes)         unlimited
stack(kbytes)        8192
coredump(blocks)     0
memory(kbytes)       unlimited
locked memory(kbytes) 64
process              unlimited
nofiles              1048576
vmemory(kbytes)      unlimited
locks                unlimited
rtprio               0] 
[2024-01-31 10:47:53,999]  DEBUG - rains.service.util.cmd.CmdUtil - Executing [hostname] in directory [/opt/hub] 
[2024-01-31 10:47:54,468]  DEBUG - rains.service.util.cmd.CmdUtil - Command [[hostname]] exited with code 0 and output: [hub] 
[2024-01-31 10:47:54,474]  DEBUG - rains.service.util.cmd.CmdUtil - Executing [hostname, -f] in directory [/opt/hub] 
[2024-01-31 10:47:54,950]  DEBUG - rains.service.util.cmd.CmdUtil - Command [[hostname, -f]] exited with code 0 and output: [hub] 
[2024-01-31 10:47:54,963]  DEBUG - rains.service.util.cmd.CmdUtil - Executing [id, -a] in directory [/opt/hub] 
[2024-01-31 10:47:55,452]  DEBUG - rains.service.util.cmd.CmdUtil - Command [[id, -a]] exited with code 0 and output: [uid=13001(jetbrains) gid=13001(jetbrains) groups=13001(jetbrains)] 
[2024-01-31 10:47:55,484]  DEBUG - om.jetbrains.bundle.BundleMain - Failed to start JetBrains Hub 2023.3 due to unexpected exception: File created by ConfigurationWizard is not accessible 
com.jetbrains.service.util.StatusException: File created by ConfigurationWizard is not accessible
	at com.jetbrains.bundle.BundleMain.startWizardCompletionListener(BundleMain.java:292) ~[bundle-2.0.45.jar:?]
	at com.jetbrains.bundle.BundleMain.start(BundleMain.java:282) ~[bundle-2.0.45.jar:?]
	at com.jetbrains.bundle.BundleMain.start(BundleMain.java:237) [bundle-2.0.45.jar:?]
	at jdk.internal.reflect.NativeMethodAccessorImpl.invoke0(Native Method) ~[?:?]
	at jdk.internal.reflect.NativeMethodAccessorImpl.invoke(NativeMethodAccessorImpl.java:77) ~[?:?]
	at jdk.internal.reflect.DelegatingMethodAccessorImpl.invoke(DelegatingMethodAccessorImpl.java:43) ~[?:?]
	at java.lang.reflect.Method.invoke(Method.java:568) ~[?:?]
	at com.jetbrains.bundle.bootstrap.Bundle$EntryPointProvider$1.invoke(Bundle.java:100) [bundle-bootstrap-2.0.45.jar:?]
	at jdk.proxy4.$Proxy30.start(Unknown Source) [?:?]
	at com.jetbrains.launcher.AppProxy$6$1.call(AppProxy.java:99) [hub-wrapper.jar:1.0.206]
	at com.jetbrains.launcher.AppProxy$6$1.call(AppProxy.java:97) [hub-wrapper.jar:1.0.206]
	at java.util.concurrent.FutureTask.run(FutureTask.java:264) [?:?]
	at java.util.concurrent.ThreadPoolExecutor.runWorker(ThreadPoolExecutor.java:1136) [?:?]
	at java.util.concurrent.ThreadPoolExecutor$Worker.run(ThreadPoolExecutor.java:635) [?:?]
	at java.lang.Thread.run(Thread.java:833) [?:?]
Caused by: java.io.IOException: Function not implemented
	at sun.nio.fs.LinuxWatchService.<init>(LinuxWatchService.java:62) ~[?:?]
	at sun.nio.fs.LinuxFileSystem.newWatchService(LinuxFileSystem.java:47) ~[?:?]
	at com.jetbrains.bundle.wizard.ConfigurationFileWatcher.awaitUntilFileIsCreated(ConfigurationFileWatcher.java:75) ~[bundle-2.0.45.jar:?]
	at com.jetbrains.bundle.wizard.ConfigurationFileWatcher.awaitConfigFile(ConfigurationFileWatcher.java:39) ~[bundle-2.0.45.jar:?]
	at com.jetbrains.bundle.BundleMain.startWizardCompletionListener(BundleMain.java:290) ~[bundle-2.0.45.jar:?]
	... 14 more
[2024-01-31 10:47:55,587]   INFO -                 bundle.startup - Stopping Configuration Wizard 
[2024-01-31 10:47:55,588]  DEBUG - .bundle.Services$StartingState - Set status [SHUTTING_DOWN] for service [configurationWizard] 
[2024-01-31 10:47:55,599]   INFO - er.handler.ContextHandler.ROOT - Destroying Spring FrameworkServlet 'InstallerServletDispatcher' 
[2024-01-31 10:47:55,620]   INFO - .server.handler.ContextHandler - Stopped o.e.j.w.WebAppContext@6935280e{/,file:///opt/hub/internal/wizard_web/,STOPPED} 
[2024-01-31 10:47:55,623]  DEBUG - .bundle.Services$StartingState - Set status [SHUT_DOWN] for service [configurationWizard] 
[2024-01-31 10:47:55,623]   INFO -                 bundle.startup - Stopping Bundle Backend Service 
[2024-01-31 10:47:55,624]  DEBUG - .bundle.Services$StartingState - Set status [SHUTTING_DOWN] for service [bundleBackend] 
[2024-01-31 10:47:55,626]   INFO - .ContextHandler.bundle_backend - Destroying Spring FrameworkServlet 'BundleBackendServletDispatcher' 
[2024-01-31 10:47:55,639]   INFO - .server.handler.ContextHandler - Stopped o.e.j.w.WebAppContext@7788d27c{/bundle/backend,file:///opt/hub/internal/bundle_common/,STOPPED} 
[2024-01-31 10:47:55,640]  DEBUG - .bundle.Services$StartingState - Set status [SHUT_DOWN] for service [bundleBackend] 
[2024-01-31 10:47:55,641]   INFO -                 bundle.startup - Stopping Service-Container[bundleProcess] 
[2024-01-31 10:47:55,642]  DEBUG - .bundle.Services$StartingState - Set status [SHUTTING_DOWN] for service [bundleProcess] 
[2024-01-31 10:47:55,647]   INFO - bundle.proxy.jetty.BundleProxy - Stopping Service-Container[bundleProcess] 
[2024-01-31 10:47:55,649]   WARN - jetty.server.AbstractConnector -  
java.io.IOException: Is a directory
	at sun.nio.ch.NativeThread.signal(Native Method) ~[?:?]
	at sun.nio.ch.ServerSocketChannelImpl.implCloseBlockingMode(ServerSocketChannelImpl.java:587) ~[?:?]
	at sun.nio.ch.ServerSocketChannelImpl.implCloseSelectableChannel(ServerSocketChannelImpl.java:621) ~[?:?]
	at java.nio.channels.spi.AbstractSelectableChannel.implCloseChannel(AbstractSelectableChannel.java:258) ~[?:?]
	at java.nio.channels.spi.AbstractInterruptibleChannel.close(AbstractInterruptibleChannel.java:112) ~[?:?]
	at org.eclipse.jetty.server.ServerConnector.close(ServerConnector.java:371) [jetty-server-9.4.49.v20220914.jar:9.4.49.v20220914]
	at org.eclipse.jetty.server.AbstractNetworkConnector.shutdown(AbstractNetworkConnector.java:104) [jetty-server-9.4.49.v20220914.jar:9.4.49.v20220914]
	at org.eclipse.jetty.server.Server.doStop(Server.java:444) [jetty-server-9.4.49.v20220914.jar:9.4.49.v20220914]
	at org.eclipse.jetty.util.component.AbstractLifeCycle.stop(AbstractLifeCycle.java:94) [jetty-util-9.4.49.v20220914.jar:9.4.49.v20220914]
	at com.jetbrains.service.jetty.JettyServiceBase.shutdown(JettyServiceBase.java:142) [jetty-based-service-2.0.45.jar:?]
	at com.jetbrains.bundle.proxy.jetty.BundleProxy.shutdown(BundleProxy.java:536) [bundle-2.0.45.jar:?]
	at com.jetbrains.bundle.services.impl.InProcessJettyService.stop(InProcessJettyService.java:48) [bundle-2.0.45.jar:?]
	at com.jetbrains.bundle.Services.stopService(Services.java:678) [bundle-2.0.45.jar:?]
	at com.jetbrains.bundle.Services.stopAllServices(Services.java:706) [bundle-2.0.45.jar:?]
	at com.jetbrains.bundle.Services.stop(Services.java:689) [bundle-2.0.45.jar:?]
	at com.jetbrains.bundle.BundleMain.shutdown(BundleMain.java:330) [bundle-2.0.45.jar:?]
	at com.jetbrains.bundle.BundleMain.shutdown(BundleMain.java:307) [bundle-2.0.45.jar:?]
	at jdk.internal.reflect.NativeMethodAccessorImpl.invoke0(Native Method) ~[?:?]
	at jdk.internal.reflect.NativeMethodAccessorImpl.invoke(NativeMethodAccessorImpl.java:77) ~[?:?]
	at jdk.internal.reflect.DelegatingMethodAccessorImpl.invoke(DelegatingMethodAccessorImpl.java:43) ~[?:?]
	at java.lang.reflect.Method.invoke(Method.java:568) ~[?:?]
	at com.jetbrains.bundle.bootstrap.Bundle$EntryPointProvider$1.invoke(Bundle.java:100) [bundle-bootstrap-2.0.45.jar:?]
	at jdk.proxy4.$Proxy30.shutdown(Unknown Source) [?:?]
	at com.jetbrains.launcher.AppProxy$6$3.call(AppProxy.java:118) [hub-wrapper.jar:1.0.206]
	at com.jetbrains.launcher.AppProxy$6$3.call(AppProxy.java:116) [hub-wrapper.jar:1.0.206]
	at java.util.concurrent.FutureTask.run(FutureTask.java:264) [?:?]
	at java.util.concurrent.ThreadPoolExecutor.runWorker(ThreadPoolExecutor.java:1136) [?:?]
	at java.util.concurrent.ThreadPoolExecutor$Worker.run(ThreadPoolExecutor.java:635) [?:?]
	at java.lang.Thread.run(Thread.java:833) [?:?]
[2024-01-31 10:47:55,671]   INFO - jetty.server.AbstractConnector - Stopped ServerConnector@50e0d666{HTTP/1.1, (http/1.1)}{0.0.0.0:8080} 
[2024-01-31 10:47:55,673]   INFO - g.eclipse.jetty.server.session - node0 Stopped scavenging 
[2024-01-31 10:47:55,675]   INFO - .server.handler.ContextHandler - Stopped c.j.b.p.j.@73799078{/,file:///opt/hub/internal/error_pages/,STOPPED} 
[2024-01-31 10:47:55,677]   INFO - .server.handler.ContextHandler - Stopped o.e.j.s.ServletContextHandler@4d828044{/bundle/starting,null,STOPPED} 
[2024-01-31 10:47:55,698]  DEBUG - .bundle.Services$StartingState - Set status [SHUT_DOWN] for service [bundleProcess] 
[2024-01-31 11:03:29,192]  DEBUG - ard.WizardConfiguredProperties - Wizard has not been run yet. The file [/opt/hub/conf/internal/wizard-configured.properties] does not exist 
[2024-01-31 11:03:29,199]  DEBUG - ard.WizardConfiguredProperties - Wizard has not been run yet. The file [/opt/hub/conf/internal/wizard-configured.properties] does not exist 
[2024-01-31 11:03:29,210]  DEBUG - brains.bundle.ServiceDiscovery - Looking for services in /opt/hub/apps 
[2024-01-31 11:03:29,211]  DEBUG - brains.bundle.ServiceDiscovery - Found service descriptor /opt/hub/apps/hub 
[2024-01-31 11:03:29,914]  DEBUG - ard.WizardConfiguredProperties - Wizard has not been run yet. The file [/opt/hub/conf/internal/wizard-configured.properties] does not exist 
[2024-01-31 11:03:29,963]   INFO -                 bundle.startup - Configuring Service-Container[bundleProcess] 
[2024-01-31 11:03:29,995]   INFO -                 bundle.startup - Configuring Bundle Backend Service 
[2024-01-31 11:03:30,015]   INFO -                 bundle.startup - Configuring Configuration Wizard 
[2024-01-31 11:03:30,170]   INFO -                 bundle.startup - Starting Service-Container[bundleProcess] 
[2024-01-31 11:03:30,171]  DEBUG - .bundle.Services$StartingState - Set status [STARTING] for service [bundleProcess] 
[2024-01-31 11:03:30,178]  DEBUG - g.JavaUtilLoggingToSlf4jBridge - [class com.jetbrains.service.util.logging.SLF4JBridgePerContextClassLoaderHandler] has already bean installed 
[2024-01-31 11:03:30,235]   INFO -     org.eclipse.jetty.util.log - Logging initialized @7027ms to org.eclipse.jetty.util.log.Slf4jLog 
[2024-01-31 11:03:30,574]   INFO - rg.eclipse.jetty.server.Server - jetty-9.4.49.v20220914; built: 2022-09-14T01:07:36.601Z; git: 4231a3b2e4cb8548a412a789936d640a97b1aa0a; jvm 17.0.6+10-LTS 
[2024-01-31 11:03:30,775]   INFO - .server.handler.ContextHandler - Started o.e.j.s.ServletContextHandler@100fdc84{/bundle/starting,null,AVAILABLE} 
[2024-01-31 11:03:30,785]   INFO - .server.handler.ContextHandler - Started c.j.b.p.j.@408e82a1{/,file:///opt/hub/internal/error_pages/,AVAILABLE} 
[2024-01-31 11:03:30,833]   INFO - jetty.server.AbstractConnector - Started ServerConnector@7a4c1dce{HTTP/1.1, (http/1.1)}{0.0.0.0:8080} 
[2024-01-31 11:03:30,834]   INFO - rg.eclipse.jetty.server.Server - Started @7631ms 
[2024-01-31 11:03:30,850]  DEBUG - .bundle.Services$StartingState - Set status [RUNNING] for service [bundleProcess] 
[2024-01-31 11:03:30,852]   INFO -                 bundle.startup - Starting Bundle Backend Service 
[2024-01-31 11:03:30,853]  DEBUG - .bundle.Services$StartingState - Set status [STARTING] for service [bundleBackend] 
[2024-01-31 11:03:32,670]   INFO - ations.AnnotationConfiguration - Scanning elapsed time=1294ms 
[2024-01-31 11:03:33,122]   INFO - .ContextHandler.bundle_backend - 1 Spring WebApplicationInitializers detected on classpath 
[2024-01-31 11:03:33,128]  DEBUG - onfig.BundleBackendInitializer - No ContextLoaderListener registered, as createRootApplicationContext() did not return an application context 
[2024-01-31 11:03:33,222]   INFO - g.eclipse.jetty.server.session - DefaultSessionIdManager workerName=node0 
[2024-01-31 11:03:33,223]   INFO - g.eclipse.jetty.server.session - No SessionScavenger set, using defaults 
[2024-01-31 11:03:33,228]   INFO - g.eclipse.jetty.server.session - node0 Scavenging every 660000ms 
[2024-01-31 11:03:33,323]   INFO - .ContextHandler.bundle_backend - Initializing Spring DispatcherServlet 'BundleBackendServletDispatcher' 
[2024-01-31 11:03:33,324]   INFO - .web.servlet.DispatcherServlet - Initializing Servlet 'BundleBackendServletDispatcher' 
[2024-01-31 11:03:36,165]  DEBUG - ervlet.HandlerMapping.Mappings - 
	c.j.b.b.r.StatusController:
	{GET [/bundleBackendStatus]}: getStatus() 
[2024-01-31 11:03:36,181]  DEBUG - ervlet.HandlerMapping.Mappings - 
	c.j.b.b.r.ProductStateController:
	{GET [/state], produces [application/json]}: getProductStateInfo(String,HttpServletRequest)
	{GET [/state/started], produces [application/json]}: getProductStarted() 
[2024-01-31 11:03:36,187]  DEBUG - ervlet.HandlerMapping.Mappings - 
	c.j.b.b.r.ClientCertificateAuthSettingsController:
	{POST [/certificateAuth], produces [application/json]}: updateCertificateAuthSettings(CertificateAuthSettingsJSON,String,String)
	{GET [/certificateAuth], produces [application/json]}: getCertificateAuthSettings(String,String) 
[2024-01-31 11:03:36,208]  DEBUG - ervlet.HandlerMapping.Mappings - 
	c.j.b.b.r.PropertiesController:
	{GET [/settings/{propertyName}], produces [application/json]}: getProperty(String,String,String)
	{POST [/settings], produces [application/json]}: updateProperty(UpdatePropertiesRequest,String,String)
	{POST [/settings/candidate], produces [application/json]}: validateProperty(PropertyJSON,String,String) 
[2024-01-31 11:03:36,280]  DEBUG - ervlet.HandlerMapping.Mappings - 'beanNameHandlerMapping' {} 
[2024-01-31 11:03:38,781]   INFO - .web.servlet.DispatcherServlet - Completed initialization in 5456 ms 
[2024-01-31 11:03:38,783]   INFO - .server.handler.ContextHandler - Started o.e.j.w.WebAppContext@7788d27c{/bundle/backend,file:///opt/hub/internal/bundle_common/,AVAILABLE} 
[2024-01-31 11:03:38,801]  DEBUG - .bundle.Services$StartingState - Set status [RUNNING] for service [bundleBackend] 
[2024-01-31 11:03:38,802]   INFO -                 bundle.startup - Starting Configuration Wizard 
[2024-01-31 11:03:38,808]   INFO -                 bundle.startup - JetBrains Hub 2023.3 Configuration Wizard will listen inside container on {0.0.0.0:8080}/ after start and can be accessed by URL [http://<put-your-docker-HOST-name-here>:<put-host-port-mapped-to-container-port-8080-here>//?wizard_token=qPg1XqtJKo2pxqmrNiv4] 
[2024-01-31 11:03:38,809]  DEBUG - .bundle.Services$StartingState - Set status [STARTING] for service [configurationWizard] 
[2024-01-31 11:03:43,524]   INFO - ations.AnnotationConfiguration - Scanning elapsed time=4244ms 
[2024-01-31 11:03:43,746]   INFO - er.handler.ContextHandler.ROOT - 1 Spring WebApplicationInitializers detected on classpath 
[2024-01-31 11:03:43,750]  DEBUG - allerWebApplicationInitializer - No ContextLoaderListener registered, as createRootApplicationContext() did not return an application context 
[2024-01-31 11:03:43,817]   INFO - er.handler.ContextHandler.ROOT - Initializing Spring DispatcherServlet 'InstallerServletDispatcher' 
[2024-01-31 11:03:43,819]   INFO - .web.servlet.DispatcherServlet - Initializing Servlet 'InstallerServletDispatcher' 
[2024-01-31 11:03:48,499]  DEBUG - ervlet.HandlerMapping.Mappings - 
	c.j.i.r.BasicSettingsResource:
	{GET [/wizard/basic-settings], produces [application/json]}: get()
	{POST [/wizard/basic-settings], produces [application/json]}: post(BasicSettings)
	{GET [/wizard/basic-settings/check], produces [application/json]}: checkFolder(String,String) 
[2024-01-31 11:03:48,521]  DEBUG - ervlet.HandlerMapping.Mappings - 
	c.j.i.r.UpgradeSettingsResource:
	{GET [/wizard/upgrade-settings], produces [application/json]}: get()
	{POST [/wizard/upgrade-settings/candidate], produces [application/json]}: validate(UpgradeSettings)
	{POST [/wizard/upgrade-settings], produces [application/json]}: post(UpgradeSettings)
	{GET [/wizard/upgrade-settings/check], produces [application/json]}: checkFolder(String,String) 
[2024-01-31 11:03:48,544]  DEBUG - ervlet.HandlerMapping.Mappings - 
	c.j.i.r.WaitResource:
	{POST [/wizard/wait/dump], produces [application/json]}: dump(HttpServletRequest)
	{GET [/wizard/wait/ping], produces [application/json]}: ping()
	{GET [/wizard/wait/url], produces [application/json]}: getUrlToShowAfterCompletion(HttpServletRequest) 
[2024-01-31 11:03:48,555]  DEBUG - ervlet.HandlerMapping.Mappings - 
	c.j.i.r.HubSettingsResource:
	{GET [/wizard/hub-settings], produces [application/json]}: get()
	{POST [/wizard/hub-settings], produces [application/json]}: post(HubSettings) 
[2024-01-31 11:03:48,562]  DEBUG - ervlet.HandlerMapping.Mappings - 
	c.j.i.r.TestConnectionResource:
	{GET [/wizard/connections/status], produces [application/json]}: status(HttpHeaders)
	{GET [/wizard/connections/{id}], produces [application/json]}: getEndpoint(HttpServletRequest,String)
	{POST [/wizard/connections], produces [application/json]}: createEndpoint(TestConnection)
	{GET [/wizard/connections], produces [application/json]}: getAllEndpoints()
	{DELETE [/wizard/connections/{id}], produces [application/json]}: deleteEndpoint(HttpServletRequest,String) 
[2024-01-31 11:03:48,567]  DEBUG - ervlet.HandlerMapping.Mappings - 
	c.j.i.r.StepsResource:
	{GET [/wizard/steps], produces [application/json]}: get(HttpServletResponse) 
[2024-01-31 11:03:48,578]  DEBUG - ervlet.HandlerMapping.Mappings - 
	c.j.i.r.HubBundleServiceResource:
	{POST [/hub/bundle-service], produces [application/json]}: createBundleService(ExternalHubInfo,String,String,String)
	{GET [/hub/bundle-service], produces [application/json]}: getBundleService() 
[2024-01-31 11:03:48,590]  DEBUG - ervlet.HandlerMapping.Mappings - 
	c.j.i.r.StatusController:
	{GET [/wizard/status]}: getStatus() 
[2024-01-31 11:03:48,595]  DEBUG - ervlet.HandlerMapping.Mappings - 
	c.j.i.r.FilesResource:
	{GET [/browse/access/write], produces [application/json]}: checkFolder(String)
	{GET [/browse], produces [application/json]}: getFolder(String,Boolean) 
[2024-01-31 11:03:48,603]  DEBUG - ervlet.HandlerMapping.Mappings - 
	c.j.i.r.CertificateUrlResource:
	{POST [/wizard/cert], produces [application/json]}: getHostnameFromCertificate(SecureContent) 
[2024-01-31 11:03:48,609]  DEBUG - ervlet.HandlerMapping.Mappings - 
	c.j.i.r.CertificatesResource:
	{GET [/wizard/certificates], produces [application/json]}: getCertificates()
	{GET [/wizard/certificates/{fingerprint}], produces [application/json]}: getCertificate(HttpServletRequest,String)
	{POST [/wizard/certificates], produces [application/json]}: addCertificate(CertificateInfo)
	{DELETE [/wizard/certificates/{fingerprint}], produces [application/json]}: deleteCertificate(String) 
[2024-01-31 11:03:48,612]  DEBUG - ervlet.HandlerMapping.Mappings - 
	c.j.i.r.WizardInfoResource:
	{GET [/wizard/info], produces [application/json]}: get() 
[2024-01-31 11:03:48,618]  DEBUG - ervlet.HandlerMapping.Mappings - 
	c.j.i.r.DefaultSettingsResource:
	{GET [/wizard/license-key/upgrade/default], produces [application/json]}: getDefaultUpgradeLicenseKeyInfo()
	{GET [/wizard/basic-settings/default], produces [application/json]}: getDefaultBasicSettings()
	{GET [/wizard/hub-settings/default], produces [application/json]}: getDefaultHubSettings()
	{GET [/wizard/upgrade-source/default], produces [application/json]}: getDefaultUpgradeSource()
	{GET [/wizard/upgrade-settings/default], produces [application/json]}: getDefaultUpgradeSettings()
	{GET [/wizard/license-key/default], produces [application/json]}: getDefaultLicenseKeyInfo() 
[2024-01-31 11:03:48,623]  DEBUG - ervlet.HandlerMapping.Mappings - 
	c.j.i.r.LicensesAgreementsResource:
	{GET [/license-agreements], produces [application/json]}: get() 
[2024-01-31 11:03:48,629]  DEBUG - ervlet.HandlerMapping.Mappings - 
	c.j.i.r.AuthController:
	{GET [/checkAuth], produces [application/json]}: validate(String) 
[2024-01-31 11:03:48,636]  DEBUG - ervlet.HandlerMapping.Mappings - 
	c.j.i.r.UpgradeSourceResource:
	{GET [/wizard/upgrade-source], produces [application/json]}: get()
	{GET [/wizard/upgrade-source/check], produces [application/json]}: checkPath(String,String)
	{POST [/wizard/upgrade-source], produces [application/json]}: post(UpgradeSource)
	{POST [/wizard/upgrade-source/clean], produces [application/json]}: cleanOldUpgradeData()
	{GET [/wizard/upgrade-source/clean], produces [application/json]}: getOldUpgradeDataInfo() 
[2024-01-31 11:03:48,643]  DEBUG - ervlet.HandlerMapping.Mappings - 
	c.j.i.r.LicenseKeyResource:
	{GET [/wizard/license-key], produces [application/json]}: getKey()
	{POST [/wizard/license-key], produces [application/json]}: setKey(HttpServletRequest,LicenseKeyUpdateInfo) 
[2024-01-31 11:03:48,723]  DEBUG - ervlet.HandlerMapping.Mappings - 'beanNameHandlerMapping' {} 
[2024-01-31 11:03:50,961]   INFO - .web.servlet.DispatcherServlet - Completed initialization in 7141 ms 
[2024-01-31 11:03:50,963]   INFO - .server.handler.ContextHandler - Started o.e.j.w.WebAppContext@70a87fc3{/,file:///opt/hub/internal/wizard_web/,AVAILABLE} 
[2024-01-31 11:03:50,992]  DEBUG - .bundle.Services$StartingState - Set status [RUNNING] for service [configurationWizard] 
[2024-01-31 11:03:51,013]  DEBUG - rains.service.util.cmd.CmdUtil - Executing [uname, -a] in directory [/opt/hub] 
[2024-01-31 11:03:51,532]  DEBUG - rains.service.util.cmd.CmdUtil - Command [[uname, -a]] exited with code 0 and output: [Linux hub 5.10.104-linuxkit #1 SMP PREEMPT Thu Mar 17 17:05:54 UTC 2022 x86_64 GNU/Linux] 
[2024-01-31 11:03:51,535]  DEBUG - rains.service.util.cmd.CmdUtil - Executing [free] in directory [/opt/hub] 
[2024-01-31 11:03:51,570]  DEBUG - rains.service.util.cmd.CmdUtil - Executing [df] in directory [/opt/hub] 
[2024-01-31 11:03:52,026]  DEBUG - rains.service.util.cmd.CmdUtil - Command [[df]] exited with code 0 and output: [Filesystem     1K-blocks      Used Available Use% Mounted on
overlay        107077304  52987896  48620484  53% /
tmpfs              65536         0     65536   0% /dev
shm                65536         0     65536   0% /dev/shm
/dev/vda1      107077304  52987896  48620484  53% /etc/hosts
virtiofs0      971350180 329213484 642136696  34% /opt/hub/data
tmpfs            8418692         0   8418692   0% /sys/firmware] 
[2024-01-31 11:03:52,029]  DEBUG - rains.service.util.cmd.CmdUtil - Executing [/bin/sh, -c, ulimit -a] in directory [/opt/hub] 
[2024-01-31 11:03:52,494]  DEBUG - rains.service.util.cmd.CmdUtil - Command [[/bin/sh, -c, ulimit -a]] exited with code 0 and output: [time(seconds)        unlimited
file(blocks)         unlimited
data(kbytes)         unlimited
stack(kbytes)        8192
coredump(blocks)     0
memory(kbytes)       unlimited
locked memory(kbytes) 64
process              unlimited
nofiles              1048576
vmemory(kbytes)      unlimited
locks                unlimited
rtprio               0] 
[2024-01-31 11:03:52,501]  DEBUG - rains.service.util.cmd.CmdUtil - Executing [hostname] in directory [/opt/hub] 
[2024-01-31 11:03:52,971]  DEBUG - rains.service.util.cmd.CmdUtil - Command [[hostname]] exited with code 0 and output: [hub] 
[2024-01-31 11:03:52,974]  DEBUG - rains.service.util.cmd.CmdUtil - Executing [hostname, -f] in directory [/opt/hub] 
[2024-01-31 11:03:53,451]  DEBUG - rains.service.util.cmd.CmdUtil - Command [[hostname, -f]] exited with code 0 and output: [hub] 
[2024-01-31 11:03:53,458]  DEBUG - rains.service.util.cmd.CmdUtil - Executing [id, -a] in directory [/opt/hub] 
[2024-01-31 11:03:53,929]  DEBUG - rains.service.util.cmd.CmdUtil - Command [[id, -a]] exited with code 0 and output: [uid=13001(jetbrains) gid=13001(jetbrains) groups=13001(jetbrains)] 
[2024-01-31 11:03:53,948]  DEBUG - om.jetbrains.bundle.BundleMain - Failed to start JetBrains Hub 2023.3 due to unexpected exception: File created by ConfigurationWizard is not accessible 
com.jetbrains.service.util.StatusException: File created by ConfigurationWizard is not accessible
	at com.jetbrains.bundle.BundleMain.startWizardCompletionListener(BundleMain.java:292) ~[bundle-2.0.45.jar:?]
	at com.jetbrains.bundle.BundleMain.start(BundleMain.java:282) ~[bundle-2.0.45.jar:?]
	at com.jetbrains.bundle.BundleMain.start(BundleMain.java:237) [bundle-2.0.45.jar:?]
	at jdk.internal.reflect.NativeMethodAccessorImpl.invoke0(Native Method) ~[?:?]
	at jdk.internal.reflect.NativeMethodAccessorImpl.invoke(NativeMethodAccessorImpl.java:77) ~[?:?]
	at jdk.internal.reflect.DelegatingMethodAccessorImpl.invoke(DelegatingMethodAccessorImpl.java:43) ~[?:?]
	at java.lang.reflect.Method.invoke(Method.java:568) ~[?:?]
	at com.jetbrains.bundle.bootstrap.Bundle$EntryPointProvider$1.invoke(Bundle.java:100) [bundle-bootstrap-2.0.45.jar:?]
	at jdk.proxy4.$Proxy30.start(Unknown Source) [?:?]
	at com.jetbrains.launcher.AppProxy$6$1.call(AppProxy.java:99) [hub-wrapper.jar:1.0.206]
	at com.jetbrains.launcher.AppProxy$6$1.call(AppProxy.java:97) [hub-wrapper.jar:1.0.206]
	at java.util.concurrent.FutureTask.run(FutureTask.java:264) [?:?]
	at java.util.concurrent.ThreadPoolExecutor.runWorker(ThreadPoolExecutor.java:1136) [?:?]
	at java.util.concurrent.ThreadPoolExecutor$Worker.run(ThreadPoolExecutor.java:635) [?:?]
	at java.lang.Thread.run(Thread.java:833) [?:?]
Caused by: java.io.IOException: Function not implemented
	at sun.nio.fs.LinuxWatchService.<init>(LinuxWatchService.java:62) ~[?:?]
	at sun.nio.fs.LinuxFileSystem.newWatchService(LinuxFileSystem.java:47) ~[?:?]
	at com.jetbrains.bundle.wizard.ConfigurationFileWatcher.awaitUntilFileIsCreated(ConfigurationFileWatcher.java:75) ~[bundle-2.0.45.jar:?]
	at com.jetbrains.bundle.wizard.ConfigurationFileWatcher.awaitConfigFile(ConfigurationFileWatcher.java:39) ~[bundle-2.0.45.jar:?]
	at com.jetbrains.bundle.BundleMain.startWizardCompletionListener(BundleMain.java:290) ~[bundle-2.0.45.jar:?]
	... 14 more
[2024-01-31 11:03:54,060]   INFO -                 bundle.startup - Stopping Configuration Wizard 
[2024-01-31 11:03:54,062]  DEBUG - .bundle.Services$StartingState - Set status [SHUTTING_DOWN] for service [configurationWizard] 
[2024-01-31 11:03:54,071]   INFO - er.handler.ContextHandler.ROOT - Destroying Spring FrameworkServlet 'InstallerServletDispatcher' 
[2024-01-31 11:03:54,093]   INFO - .server.handler.ContextHandler - Stopped o.e.j.w.WebAppContext@70a87fc3{/,file:///opt/hub/internal/wizard_web/,STOPPED} 
[2024-01-31 11:03:54,095]  DEBUG - .bundle.Services$StartingState - Set status [SHUT_DOWN] for service [configurationWizard] 
[2024-01-31 11:03:54,096]   INFO -                 bundle.startup - Stopping Bundle Backend Service 
[2024-01-31 11:03:54,097]  DEBUG - .bundle.Services$StartingState - Set status [SHUTTING_DOWN] for service [bundleBackend] 
[2024-01-31 11:03:54,098]   INFO - .ContextHandler.bundle_backend - Destroying Spring FrameworkServlet 'BundleBackendServletDispatcher' 
[2024-01-31 11:03:54,114]   INFO - .server.handler.ContextHandler - Stopped o.e.j.w.WebAppContext@7788d27c{/bundle/backend,file:///opt/hub/internal/bundle_common/,STOPPED} 
[2024-01-31 11:03:54,115]  DEBUG - .bundle.Services$StartingState - Set status [SHUT_DOWN] for service [bundleBackend] 
[2024-01-31 11:03:54,116]   INFO -                 bundle.startup - Stopping Service-Container[bundleProcess] 
[2024-01-31 11:03:54,117]  DEBUG - .bundle.Services$StartingState - Set status [SHUTTING_DOWN] for service [bundleProcess] 
[2024-01-31 11:03:54,121]   INFO - bundle.proxy.jetty.BundleProxy - Stopping Service-Container[bundleProcess] 
[2024-01-31 11:03:54,124]   WARN - jetty.server.AbstractConnector -  
java.io.IOException: Is a directory
	at sun.nio.ch.NativeThread.signal(Native Method) ~[?:?]
	at sun.nio.ch.ServerSocketChannelImpl.implCloseBlockingMode(ServerSocketChannelImpl.java:587) ~[?:?]
	at sun.nio.ch.ServerSocketChannelImpl.implCloseSelectableChannel(ServerSocketChannelImpl.java:621) ~[?:?]
	at java.nio.channels.spi.AbstractSelectableChannel.implCloseChannel(AbstractSelectableChannel.java:258) ~[?:?]
	at java.nio.channels.spi.AbstractInterruptibleChannel.close(AbstractInterruptibleChannel.java:112) ~[?:?]
	at org.eclipse.jetty.server.ServerConnector.close(ServerConnector.java:371) [jetty-server-9.4.49.v20220914.jar:9.4.49.v20220914]
	at org.eclipse.jetty.server.AbstractNetworkConnector.shutdown(AbstractNetworkConnector.java:104) [jetty-server-9.4.49.v20220914.jar:9.4.49.v20220914]
	at org.eclipse.jetty.server.Server.doStop(Server.java:444) [jetty-server-9.4.49.v20220914.jar:9.4.49.v20220914]
	at org.eclipse.jetty.util.component.AbstractLifeCycle.stop(AbstractLifeCycle.java:94) [jetty-util-9.4.49.v20220914.jar:9.4.49.v20220914]
	at com.jetbrains.service.jetty.JettyServiceBase.shutdown(JettyServiceBase.java:142) [jetty-based-service-2.0.45.jar:?]
	at com.jetbrains.bundle.proxy.jetty.BundleProxy.shutdown(BundleProxy.java:536) [bundle-2.0.45.jar:?]
	at com.jetbrains.bundle.services.impl.InProcessJettyService.stop(InProcessJettyService.java:48) [bundle-2.0.45.jar:?]
	at com.jetbrains.bundle.Services.stopService(Services.java:678) [bundle-2.0.45.jar:?]
	at com.jetbrains.bundle.Services.stopAllServices(Services.java:706) [bundle-2.0.45.jar:?]
	at com.jetbrains.bundle.Services.stop(Services.java:689) [bundle-2.0.45.jar:?]
	at com.jetbrains.bundle.BundleMain.shutdown(BundleMain.java:330) [bundle-2.0.45.jar:?]
	at com.jetbrains.bundle.BundleMain.shutdown(BundleMain.java:307) [bundle-2.0.45.jar:?]
	at jdk.internal.reflect.NativeMethodAccessorImpl.invoke0(Native Method) ~[?:?]
	at jdk.internal.reflect.NativeMethodAccessorImpl.invoke(NativeMethodAccessorImpl.java:77) ~[?:?]
	at jdk.internal.reflect.DelegatingMethodAccessorImpl.invoke(DelegatingMethodAccessorImpl.java:43) ~[?:?]
	at java.lang.reflect.Method.invoke(Method.java:568) ~[?:?]
	at com.jetbrains.bundle.bootstrap.Bundle$EntryPointProvider$1.invoke(Bundle.java:100) [bundle-bootstrap-2.0.45.jar:?]
	at jdk.proxy4.$Proxy30.shutdown(Unknown Source) [?:?]
	at com.jetbrains.launcher.AppProxy$6$3.call(AppProxy.java:118) [hub-wrapper.jar:1.0.206]
	at com.jetbrains.launcher.AppProxy$6$3.call(AppProxy.java:116) [hub-wrapper.jar:1.0.206]
	at java.util.concurrent.FutureTask.run(FutureTask.java:264) [?:?]
	at java.util.concurrent.ThreadPoolExecutor.runWorker(ThreadPoolExecutor.java:1136) [?:?]
	at java.util.concurrent.ThreadPoolExecutor$Worker.run(ThreadPoolExecutor.java:635) [?:?]
	at java.lang.Thread.run(Thread.java:833) [?:?]
[2024-01-31 11:03:54,160]   INFO - jetty.server.AbstractConnector - Stopped ServerConnector@7a4c1dce{HTTP/1.1, (http/1.1)}{0.0.0.0:8080} 
[2024-01-31 11:03:54,161]   INFO - g.eclipse.jetty.server.session - node0 Stopped scavenging 
[2024-01-31 11:03:54,163]   INFO - .server.handler.ContextHandler - Stopped c.j.b.p.j.@408e82a1{/,file:///opt/hub/internal/error_pages/,STOPPED} 
[2024-01-31 11:03:54,164]   INFO - .server.handler.ContextHandler - Stopped o.e.j.s.ServletContextHandler@100fdc84{/bundle/starting,null,STOPPED} 
[2024-01-31 11:03:54,178]  DEBUG - .bundle.Services$StartingState - Set status [SHUT_DOWN] for service [bundleProcess] 
