* ### System Properties: 
* bundleProcess.logs.dir=/opt/hub/logs/internal/services/bundleProcess
* file.encoding=UTF-8
* file.separator=/
* java.awt.headless=true
* java.class.path=launcher/lib/app-wrapper/hub-wrapper.jar
* java.class.version=61.0
* java.home=/opt/hub/internal/java/linux-x64
* java.io.tmpdir=/opt/hub/temp/internal/services/bundleProcess
* java.library.path=/usr/java/packages/lib:/usr/lib64:/lib64:/lib:/usr/lib
* java.runtime.name=OpenJDK Runtime Environment
* java.runtime.version=17.0.6+10-LTS
* java.specification.name=Java Platform API Specification
* java.specification.vendor=Oracle Corporation
* java.specification.version=17
* java.vendor=Amazon.com Inc.
* java.vendor.url=https://aws.amazon.com/corretto/
* java.vendor.url.bug=https://github.com/corretto/corretto-17/issues/
* java.vendor.version=Corretto-17.0.6.10.1
* java.version=17.0.6
* java.version.date=2023-01-17
* java.vm.compressedOopsMode=32-bit
* java.vm.info=mixed mode, sharing
* java.vm.name=OpenJDK 64-Bit Server VM
* java.vm.specification.name=Java Virtual Machine Specification
* java.vm.specification.vendor=Oracle Corporation
* java.vm.specification.version=17
* java.vm.vendor=Amazon.com Inc.
* java.vm.version=17.0.6+10-LTS
* jdk.debug=release
* jetbrains.http.request.header.buffer.size=102400
* jetbrains.http.response.header.buffer.size=102400
* jetbrains.youtrack.singleTierApp=true
* jetty.git.hash=4231a3b2e4cb8548a412a789936d640a97b1aa0a
* jl.home=/opt/hub
* jl.service=Hub
* launcher.app.conf.dir=/opt/hub/conf
* launcher.app.extra.lib.dirs=/alpn/1.9/
* launcher.app.home=/opt/hub
* launcher.app.name=Hub
* launcher_app_file_name=hub
* launcher_console_log_level=INFO
* launcher_log_file_name=hub-wrapper.log
* launcher_log_prefix=
* launcher_logs_dir=/opt/hub/logs/
* line.separator=

* log4j2.contextSelector=org.apache.logging.log4j.core.selector.BasicContextSelector
* native.encoding=ANSI_X3.4-1968
* os.arch=amd64
* os.name=Linux
* os.version=5.10.104-linuxkit
* path.separator=:
* root.bundle.logs.dir=/opt/hub/logs
* sun.arch.data.model=64
* sun.boot.library.path=/opt/hub/internal/java/linux-x64/lib
* sun.cpu.endian=little
* sun.io.unicode.encoding=UnicodeLittle
* sun.java.command=launcher/lib/app-wrapper/hub-wrapper.jar AppStarter com.jetbrains.bundle.bootstrap.Bundle
* sun.java.launcher=SUN_STANDARD
* sun.jnu.encoding=ANSI_X3.4-1968
* sun.management.compiler=HotSpot 64-Bit Tiered Compilers
* user.country=US
* user.dir=/opt/hub
* user.home=/home/jetbrains
* user.language=en
* user.name=jetbrains
* user.timezone=Etc/UTC
* ### End of System Properties.
* 
* ### Environment variables: 
* FJ_JAVA_EXEC=internal/java/linux-x64/bin/java
* HOME=/home/jetbrains
* HOSTNAME=hub
* JAVA_HOME=/opt/hub/internal/java/linux-x64
* JL_JAVA_PROPERTIES=-Dlauncher.app.home=/opt/hub -Dlauncher.app.conf.dir=/opt/hub/conf -Djava.awt.headless=true -Dlauncher.app.name=Hub
* JL_LAUNCHER_OPTS=-ea -Xmx10m -XX:+HeapDumpOnOutOfMemoryError -XX:+UseSerialGC -Dfile.encoding=UTF-8 -XX:MaxMetaspaceSize=32m
* OLDPWD=/opt/hub
* PATH=/usr/local/sbin:/usr/local/bin:/usr/sbin:/usr/bin:/sbin:/bin
* PWD=/opt/hub
* SHLVL=0
* _=internal/java/linux-x64/bin/java
* ### End of Environment Variables.
* 
* Output of command [[uname, -a]]: Linux hub 5.10.104-linuxkit #1 SMP PREEMPT Thu Mar 17 17:05:54 UTC 2022 x86_64 GNU/Linux
* Can not execute command [[free]]: Error executing command [free]: Cannot run program "free" (in directory "/opt/hub"): error=2, No such file or directory
* Output of command [[df]]: Filesystem     1K-blocks      Used Available Use% Mounted on
overlay        107077304  52987896  48620484  53% /
tmpfs              65536         0     65536   0% /dev
shm                65536         0     65536   0% /dev/shm
/dev/vda1      107077304  52987896  48620484  53% /etc/hosts
virtiofs0      971350180 329213484 642136696  34% /opt/hub/data
tmpfs            8418692         0   8418692   0% /sys/firmware
* Output of command [[/bin/sh, -c, ulimit -a]]: time(seconds)        unlimited
file(blocks)         unlimited
data(kbytes)         unlimited
stack(kbytes)        8192
coredump(blocks)     0
memory(kbytes)       unlimited
locked memory(kbytes) 64
process              unlimited
nofiles              1048576
vmemory(kbytes)      unlimited
locks                unlimited
rtprio               0
* Output of command [[hostname]]: hub
* Output of command [[hostname, -f]]: hub
* Output of command [[id, -a]]: uid=13001(jetbrains) gid=13001(jetbrains) groups=13001(jetbrains)
