[2024-01-31 10:47:55,649]   WARN - jetty.server.AbstractConnector -  
java.io.IOException: Is a directory
	at sun.nio.ch.NativeThread.signal(Native Method) ~[?:?]
	at sun.nio.ch.ServerSocketChannelImpl.implCloseBlockingMode(ServerSocketChannelImpl.java:587) ~[?:?]
	at sun.nio.ch.ServerSocketChannelImpl.implCloseSelectableChannel(ServerSocketChannelImpl.java:621) ~[?:?]
	at java.nio.channels.spi.AbstractSelectableChannel.implCloseChannel(AbstractSelectableChannel.java:258) ~[?:?]
	at java.nio.channels.spi.AbstractInterruptibleChannel.close(AbstractInterruptibleChannel.java:112) ~[?:?]
	at org.eclipse.jetty.server.ServerConnector.close(ServerConnector.java:371) [jetty-server-9.4.49.v20220914.jar:9.4.49.v20220914]
	at org.eclipse.jetty.server.AbstractNetworkConnector.shutdown(AbstractNetworkConnector.java:104) [jetty-server-9.4.49.v20220914.jar:9.4.49.v20220914]
	at org.eclipse.jetty.server.Server.doStop(Server.java:444) [jetty-server-9.4.49.v20220914.jar:9.4.49.v20220914]
	at org.eclipse.jetty.util.component.AbstractLifeCycle.stop(AbstractLifeCycle.java:94) [jetty-util-9.4.49.v20220914.jar:9.4.49.v20220914]
	at com.jetbrains.service.jetty.JettyServiceBase.shutdown(JettyServiceBase.java:142) [jetty-based-service-2.0.45.jar:?]
	at com.jetbrains.bundle.proxy.jetty.BundleProxy.shutdown(BundleProxy.java:536) [bundle-2.0.45.jar:?]
	at com.jetbrains.bundle.services.impl.InProcessJettyService.stop(InProcessJettyService.java:48) [bundle-2.0.45.jar:?]
	at com.jetbrains.bundle.Services.stopService(Services.java:678) [bundle-2.0.45.jar:?]
	at com.jetbrains.bundle.Services.stopAllServices(Services.java:706) [bundle-2.0.45.jar:?]
	at com.jetbrains.bundle.Services.stop(Services.java:689) [bundle-2.0.45.jar:?]
	at com.jetbrains.bundle.BundleMain.shutdown(BundleMain.java:330) [bundle-2.0.45.jar:?]
	at com.jetbrains.bundle.BundleMain.shutdown(BundleMain.java:307) [bundle-2.0.45.jar:?]
	at jdk.internal.reflect.NativeMethodAccessorImpl.invoke0(Native Method) ~[?:?]
	at jdk.internal.reflect.NativeMethodAccessorImpl.invoke(NativeMethodAccessorImpl.java:77) ~[?:?]
	at jdk.internal.reflect.DelegatingMethodAccessorImpl.invoke(DelegatingMethodAccessorImpl.java:43) ~[?:?]
	at java.lang.reflect.Method.invoke(Method.java:568) ~[?:?]
	at com.jetbrains.bundle.bootstrap.Bundle$EntryPointProvider$1.invoke(Bundle.java:100) [bundle-bootstrap-2.0.45.jar:?]
	at jdk.proxy4.$Proxy30.shutdown(Unknown Source) [?:?]
	at com.jetbrains.launcher.AppProxy$6$3.call(AppProxy.java:118) [hub-wrapper.jar:1.0.206]
	at com.jetbrains.launcher.AppProxy$6$3.call(AppProxy.java:116) [hub-wrapper.jar:1.0.206]
	at java.util.concurrent.FutureTask.run(FutureTask.java:264) [?:?]
	at java.util.concurrent.ThreadPoolExecutor.runWorker(ThreadPoolExecutor.java:1136) [?:?]
	at java.util.concurrent.ThreadPoolExecutor$Worker.run(ThreadPoolExecutor.java:635) [?:?]
	at java.lang.Thread.run(Thread.java:833) [?:?]
[2024-01-31 11:03:54,124]   WARN - jetty.server.AbstractConnector -  
java.io.IOException: Is a directory
	at sun.nio.ch.NativeThread.signal(Native Method) ~[?:?]
	at sun.nio.ch.ServerSocketChannelImpl.implCloseBlockingMode(ServerSocketChannelImpl.java:587) ~[?:?]
	at sun.nio.ch.ServerSocketChannelImpl.implCloseSelectableChannel(ServerSocketChannelImpl.java:621) ~[?:?]
	at java.nio.channels.spi.AbstractSelectableChannel.implCloseChannel(AbstractSelectableChannel.java:258) ~[?:?]
	at java.nio.channels.spi.AbstractInterruptibleChannel.close(AbstractInterruptibleChannel.java:112) ~[?:?]
	at org.eclipse.jetty.server.ServerConnector.close(ServerConnector.java:371) [jetty-server-9.4.49.v20220914.jar:9.4.49.v20220914]
	at org.eclipse.jetty.server.AbstractNetworkConnector.shutdown(AbstractNetworkConnector.java:104) [jetty-server-9.4.49.v20220914.jar:9.4.49.v20220914]
	at org.eclipse.jetty.server.Server.doStop(Server.java:444) [jetty-server-9.4.49.v20220914.jar:9.4.49.v20220914]
	at org.eclipse.jetty.util.component.AbstractLifeCycle.stop(AbstractLifeCycle.java:94) [jetty-util-9.4.49.v20220914.jar:9.4.49.v20220914]
	at com.jetbrains.service.jetty.JettyServiceBase.shutdown(JettyServiceBase.java:142) [jetty-based-service-2.0.45.jar:?]
	at com.jetbrains.bundle.proxy.jetty.BundleProxy.shutdown(BundleProxy.java:536) [bundle-2.0.45.jar:?]
	at com.jetbrains.bundle.services.impl.InProcessJettyService.stop(InProcessJettyService.java:48) [bundle-2.0.45.jar:?]
	at com.jetbrains.bundle.Services.stopService(Services.java:678) [bundle-2.0.45.jar:?]
	at com.jetbrains.bundle.Services.stopAllServices(Services.java:706) [bundle-2.0.45.jar:?]
	at com.jetbrains.bundle.Services.stop(Services.java:689) [bundle-2.0.45.jar:?]
	at com.jetbrains.bundle.BundleMain.shutdown(BundleMain.java:330) [bundle-2.0.45.jar:?]
	at com.jetbrains.bundle.BundleMain.shutdown(BundleMain.java:307) [bundle-2.0.45.jar:?]
	at jdk.internal.reflect.NativeMethodAccessorImpl.invoke0(Native Method) ~[?:?]
	at jdk.internal.reflect.NativeMethodAccessorImpl.invoke(NativeMethodAccessorImpl.java:77) ~[?:?]
	at jdk.internal.reflect.DelegatingMethodAccessorImpl.invoke(DelegatingMethodAccessorImpl.java:43) ~[?:?]
	at java.lang.reflect.Method.invoke(Method.java:568) ~[?:?]
	at com.jetbrains.bundle.bootstrap.Bundle$EntryPointProvider$1.invoke(Bundle.java:100) [bundle-bootstrap-2.0.45.jar:?]
	at jdk.proxy4.$Proxy30.shutdown(Unknown Source) [?:?]
	at com.jetbrains.launcher.AppProxy$6$3.call(AppProxy.java:118) [hub-wrapper.jar:1.0.206]
	at com.jetbrains.launcher.AppProxy$6$3.call(AppProxy.java:116) [hub-wrapper.jar:1.0.206]
	at java.util.concurrent.FutureTask.run(FutureTask.java:264) [?:?]
	at java.util.concurrent.ThreadPoolExecutor.runWorker(ThreadPoolExecutor.java:1136) [?:?]
	at java.util.concurrent.ThreadPoolExecutor$Worker.run(ThreadPoolExecutor.java:635) [?:?]
	at java.lang.Thread.run(Thread.java:833) [?:?]
